<?xml version="1.0" encoding="UTF-8"?>
<!-- Generated by org.testng.reporters.JUnitReportReporter -->
<testsuite hostname="LAPTOP-GULIF2I3" failures="0" tests="1" name="Selenium.Video_report" time="26.661" errors="0" timestamp="2023-02-28T16:34:45 IST" skipped="0">
  <testcase classname="Selenium.Video_report" name="getAppURL" time="26.661"/>
  <system-out/>
</testsuite> <!-- Selenium.Video_report -->
